1618577183333	geckodriver	INFO	Listening on 127.0.0.1:62262
1618577189508	mozrunner::runner	INFO	Running command: "C:\\Program Files\\Mozilla Firefox\\firefox.exe" "--marionette" "-foreground" "-no-remote" "-profile" "C:\\Users\\comp\\AppData\\Local\\Temp\\rust_mozprofileqVObD8"
console.warn: SearchSettings: "get: No settings file exists, new profile?" (new Error("", "(unknown module)"))
[Parent 2516, IPC I/O Parent] WARNING: file /builds/worker/checkouts/gecko/ipc/chromium/src/base/process_util_win.cc:167
console.error: Region.jsm: "Error fetching region" (new Error("TIMEOUT", "resource://gre/modules/Region.jsm", 772))
console.error: Region.jsm: "Failed to fetch region" (new Error("TIMEOUT", "resource://gre/modules/Region.jsm", 419))
1618577258031	Marionette	INFO	Listening on port 62274
console.log: WebExtensions: reset-default-search: No addons in our list are installed.
JavaScript error: , line 0: NS_ERROR_NOT_AVAILABLE
1618578295956	Marionette	INFO	Stopped listening on port 62274
ust_mozprofileU4yGC3"
console.warn: SearchSettings: "get: No settings file exists, new profile?" (new Error("", "(unknown module)"))
1618577280161	Marionette	INFO	Listening on port 62366
1618577283694	Marionette	WARN	TLS certificate errors will be ignored for this session
1618577307639	Marionette	INFO	Stopped listening on port 62366

###!!! [Child][RunMessage] Error: Channel closing: too late to send/recv, messages will be lost


###!!! [Child][RunMessage] Error: Channel closing: too late to send/recv, messages will be lost


###!!! [Child][RunMessage] Error: Channel closing: too late to send/recv, messages will be lost


###!!! [Child][RunMessage] Error: Channel closing: too late to send/recv, messages will be lost


###!!! [Child][RunMessage] Error: Channel closing: too late to send/recv, messages will be lost


###!!! [Child][RunMessage] Error: Channel closing: too late to send/recv, messages will be lost


###!!! [Child][RunMessage] Error: Channel closing: too late to send/recv, messages will be lost


###!!! [Child][RunMessage] Error: Channel closing: too late to send/recv, messages will be lost


###!!! [Child][RunMessage] Error: Channel closing: too late to send/recv, messages will be lost

[Parent 2452, IPC I/O Parent] WARNING: file /builds/worker/checkouts/gecko/ipc/chromium/src/base/process_util_win.cc:167

###!!! [Child][RunMessage] Error: Channel closing: too late to send/recv, messages will be lost


###!!! [Parent][RunMessage] Error: Channel closing: too late to send/recv, messages will be lost

1618577344600	geckodriver	INFO	Listening on 127.0.0.1:62483
1618577347585	mozrunner::runner	INFO	Running command: "C:\\Program Files\\Mozilla Firefox\\firefox.exe" "--marionette" "-foreground" "-no-remote" "-profile" "C:\\Users\\comp\\AppData\\Local\\Temp\\rust_mozprofileo2dn41"
console.warn: SearchSettings: "get: No settings file exists, new profile?" (new Error("", "(unknown module)"))
1618577362460	Marionette	INFO	Listening on port 62491
1618577362972	Marionette	WARN	TLS certificate errors will be ignored for this session
1618577369900	Marionette	INFO	Stopped listening on port 62491
JavaScript error: resource://gre/modules/UrlClassifierListManager.jsm, line 691: TypeError: this.tablesData[table] is undefined
[Parent 8924, IPC I/O Parent] WARNING: file /builds/worker/checkouts/gecko/ipc/chromium/src/base/process_util_win.cc:167

###!!! [Child][RunMessage] Error: Channel closing: too late to send/recv, messages will be lost

1618577375386	geckodriver	INFO	Listening on 127.0.0.1:62552
1618577378271	mozrunner::runner	INFO	Running command: "C:\\Program Files\\Mozilla Firefox\\firefox.exe" "--marionette" "-foreground" "-no-remote" "-profile" "C:\\Users\\comp\\AppData\\Local\\Temp\\rust_mozprofilenzG3RT"
console.warn: SearchSettings: "get: No settings file exists, new profile?" (new Error("", "(unknown module)"))
1618577394431	Marionette	INFO	Listening on port 62560
1618577394927	Marionette	WARN	TLS certificate errors will be ignored for this session
1618577408176	Marionette	INFO	Stopped listening on port 62560

###!!! [Child][RunMessage] Error: Channel closing: too late to send/recv, messages will be lost


###!!! [Child][RunMessage] Error: Channel closing: too late to send/recv, messages will be lost


###!!! [Child][RunMessage] Error: Channel closing: too late to send/recv, messages will be lost


###!!! [Child][RunMessage] Error: Channel closing: too late to send/recv, messages will be lost


###!!! [Child][RunMessage] Error: Channel closing: too late to send/recv, messages will be lost


###!!! [Child][RunMessage] Error: Channel closing: too late to send/recv, messages will be lost


###!!! [Child][RunMessage] Error: Channel closing: too late to send/recv, messages will be lost


###!!! [Child][RunMessage] Error: Channel closing: too late to send/recv, messages will be lost

1618578151389	geckodriver	INFO	Listening on 127.0.0.1:62904
1618578154309	mozrunner::runner	INFO	Running command: "C:\\Program Files\\Mozilla Firefox\\firefox.exe" "--marionette" "-foreground" "-no-remote" "-profile" "C:\\Users\\comp\\AppData\\Local\\Temp\\rust_mozprofile5Ntt71"
console.warn: SearchSettings: "get: No settings file exists, new profile?" (new Error("", "(unknown module)"))
1618578164003	Marionette	INFO	Listening on port 62913
1618578164224	Marionette	WARN	TLS certificate errors will be ignored for this session
1618578168635	Marionette	INFO	Stopped listening on port 62913
JavaScript error: resource:///modules/FaviconLoader.jsm, line 596: InvalidStateError: JSWindowActorChild.sendAsyncMessage: JSWindowActorChild cannot send at the moment

###!!! [Child][RunMessage] Error: Channel closing: too late to send/recv, messages will be lost

1618578171431	geckodriver	INFO	Listening on 127.0.0.1:62960
1618578174326	mozrunner::runner	INFO	Running command: "C:\\Program Files\\Mozilla Firefox\\firefox.exe" "--marionette" "-foreground" "-no-remote" "-profile" "C:\\Users\\comp\\AppData\\Local\\Temp\\rust_mozprofileE77uB5"
console.warn: SearchSettings: "get: No settings file exists, new profile?" (new Error("", "(unknown module)"))
1618578189612	Marionette	INFO	Listening on port 62969
1618578189961	Marionette	WARN	TLS certificate errors will be ignored for this session
1618578209450	Marionette	INFO	Stopped listening on port 62969

###!!! [Child][MessageChannel] Error: (msgtype=0x230032,name=PBrowser::Msg___delete__) Channel closing: too late to send/recv, messages will be lost

1619444077527	geckodriver	INFO	Listening on 127.0.0.1:56469
1619444080167	mozrunner::runner	INFO	Running command: "C:\\Program Files\\Mozilla Firefox\\firefox.exe" "--marionette" "-foreground" "-no-remote" "-profile" "C:\\Users\\comp\\AppData\\Local\\Temp\\rust_mozprofileWeTSJN"
console.warn: SearchSettings: "get: No settings file exists, new profile?" (new Error("", "(unknown module)"))
console.error: Region.jsm: "Error fetching region" (new Error("TIMEOUT", "resource://gre/modules/Region.jsm", 772))
console.error: Region.jsm: "Failed to fetch region" (new Error("TIMEOUT", "resource://gre/modules/Region.jsm", 419))
[Parent 4592, IPC I/O Parent] WARNING: file /builds/worker/checkouts/gecko/ipc/chromium/src/base/process_util_win.cc:167
1619444110291	Marionette	INFO	Listening on port 56480
1619444111233	Marionette	WARN	TLS certificate errors will be ignored for this session
1619444121317	Marionette	WARN	TimedPromise timed out after 500 ms: stacktrace:
TimedPromise/<@chrome://marionette/content/sync.js:231:19
TimedPromise@chrome://marionette/content/sync.js:216:10
interaction.flushEventLoop@chrome://marionette/content/interaction.js:433:10
webdriverClickElement@chrome://marionette/content/interaction.js:179:31
console.log: WebExtensions: reset-default-search: No addons in our list are installed.
console.warn: "Async method failed in safeAsyncMethod" (new Error("Connection closed, pending request to server0.conn0.child3/customhighlighter102, type show failed\n\nRequest stack:\nrequest@resource://devtools/shared/protocol/Front.js:288:14\ngenerateRequestMethods/</frontProto[name]@resource://devtools/shared/protocol/Front/FrontClassWithSpec.js:46:19\nshow@resource://devtools/client/fronts/highlighters.js:27:18\nexports.safeAsyncMethod/<@resource://devtools/shared/async-utils.js:57:25\nshowHighlighterTypeForNode@resource://devtools/client/inspector/shared/highlighters-overlay.js:577:23\n", "resource://devtools/shared/protocol/Front.js", 99))
console.warn: "Async method failed in safeAsyncMethod" (new Error("Connection closed, pending request to server0.conn0.child3/customhighlighter102, type hide failed\n\nRequest stack:\nrequest@resource://devtools/shared/protocol/Front.js:288:14\ngenerateRequestMethods/</frontProto[name]@resource://devtools/shared/protocol/Front/FrontClassWithSpec.js:46:19\nhide@resource://devtools/client/fronts/highlighters.js:32:18\nexports.safeAsyncMethod/<@resource://devtools/shared/async-utils.js:57:25\nhideHighlighterType@resource://devtools/client/inspector/shared/highlighters-overlay.js:636:23\nexports.safeAsyncMethod/<@resource://devtools/shared/async-utils.js:57:25\n_hideBoxModel@resource://devtools/client/inspector/markup/markup.js:732:40\n_onMouseOut@resource://devtools/client/inspector/markup/markup.js:700:16\n", "resource://devtools/shared/protocol/Front.js", 99))
[Parent 4592, IPC I/O Parent] WARNING: file /builds/worker/checkouts/gecko/ipc/chromium/src/base/process_util_win.cc:167
1619445446473	Marionette	INFO	Stopped listening on port 56480
[Parent 4592, IPC I/O Parent] WARNING: pipe error: 232: file /builds/worker/checkouts/gecko/ipc/chromium/src/chrome/common/ipc_channel_win.cc:544
orker/checkouts/gecko/ipc/chromium/src/base/process_util_win.cc:167
1619445017641	Marionette	INFO	Stopped listening on port 56915
s: "get: No settings file exists, new profile?" (new Error("", "(unknown module)"))
console.error: Region.jsm: "Error fetching region" (new Error("TIMEOUT", "resource://gre/modules/Region.jsm", 772))
console.error: Region.jsm: "Failed to fetch region" (new Error("TIMEOUT", "resource://gre/modules/Region.jsm", 419))
1619444953177	Marionette	INFO	Listening on port 57153
1619444953908	Marionette	WARN	TLS certificate errors will be ignored for this session
1619445006088	Marionette	INFO	Stopped listening on port 57153
1620193921806	geckodriver	INFO	Listening on 127.0.0.1:49758
1620193924716	mozrunner::runner	INFO	Running command: "C:\\Program Files\\Mozilla Firefox\\firefox.exe" "--marionette" "-foreground" "-no-remote" "-profile" "C:\\Users\\comp\\AppData\\Local\\Temp\\rust_mozprofile9n0rKG"
console.warn: SearchSettings: "get: No settings file exists, new profile?" (new Error("", "(unknown module)"))
[Parent 6428, IPC I/O Parent] WARNING: file /builds/worker/checkouts/gecko/ipc/chromium/src/base/process_util_win.cc:167
console.error: Region.jsm: "Error fetching region" (new Error("TIMEOUT", "resource://gre/modules/Region.jsm", 772))
console.error: Region.jsm: "Failed to fetch region" (new Error("TIMEOUT", "resource://gre/modules/Region.jsm", 419))
1620193983515	Marionette	INFO	Listening on port 49767
1620193983951	Marionette	WARN	TLS certificate errors will be ignored for this session
1620193989463	Marionette	INFO	Stopped listening on port 49767
JavaScript error: resource:///modules/FaviconLoader.jsm, line 596: InvalidStateError: JSWindowActorChild.sendAsyncMessage: JSWindowActorChild cannot send at the moment
1620194173705	geckodriver	INFO	Listening on 127.0.0.1:49928
1620194176715	mozrunner::runner	INFO	Running command: "C:\\Program Files\\Mozilla Firefox\\firefox.exe" "--marionette" "-foreground" "-no-remote" "-profile" "C:\\Users\\comp\\AppData\\Local\\Temp\\rust_mozprofileztSo5f"
console.warn: SearchSettings: "get: No settings file exists, new profile?" (new Error("", "(unknown module)"))
1620194187235	Marionette	INFO	Listening on port 49941
1620194187711	Marionette	WARN	TLS certificate errors will be ignored for this session
1620194192176	Marionette	INFO	Stopped listening on port 49941

###!!! [Child][RunMessage] Error: Channel closing: too late to send/recv, messages will be lost

JavaScript error: resource://gre/modules/AsyncShutdown.jsm, line 718: Error: Phase "Sqlite.jsm: wait until all connections are closed" is finished, it is too late to register completion condition "protections.sqlite#0: waiting for shutdown"

###!!! [Child][RunMessage] Error: Channel closing: too late to send/recv, messages will be lost

1620202837607	geckodriver	INFO	Listening on 127.0.0.1:51705
1620202840646	mozrunner::runner	INFO	Running command: "C:\\Program Files\\Mozilla Firefox\\firefox.exe" "--marionette" "-foreground" "-no-remote" "-profile" "C:\\Users\\comp\\AppData\\Local\\Temp\\rust_mozprofilenHtp91"
console.warn: SearchSettings: "get: No settings file exists, new profile?" (new Error("", "(unknown module)"))
1620202850170	Marionette	INFO	Listening on port 51714
1620202850532	Marionette	WARN	TLS certificate errors will be ignored for this session
1620202856988	Marionette	INFO	Stopped listening on port 51714

###!!! [Child][RunMessage] Error: Channel closing: too late to send/recv, messages will be lost

[Parent 2412, IPC I/O Parent] WARNING: file /builds/worker/checkouts/gecko/ipc/chromium/src/base/process_util_win.cc:167
console.error: SearchService: "maybeReloadEngines failed" ({})

###!!! [Child][RunMessage] Error: Channel closing: too late to send/recv, messages will be lost

1620305007392	geckodriver	INFO	Listening on 127.0.0.1:61693
1620305010335	mozrunner::runner	INFO	Running command: "C:\\Program Files\\Mozilla Firefox\\firefox.exe" "--marionette" "-foreground" "-no-remote" "-profile" "C:\\Users\\comp\\AppData\\Local\\Temp\\rust_mozprofilekbBlKV"
console.warn: SearchSettings: "get: No settings file exists, new profile?" (new Error("", "(unknown module)"))
console.error: Region.jsm: "Error fetching region" (new Error("TIMEOUT", "resource://gre/modules/Region.jsm", 772))
console.error: Region.jsm: "Failed to fetch region" (new Error("TIMEOUT", "resource://gre/modules/Region.jsm", 419))
[Parent 8868, IPC I/O Parent] WARNING: file /builds/worker/checkouts/gecko/ipc/chromium/src/base/process_util_win.cc:167
1620305062076	Marionette	INFO	Listening on port 61703
1620305062451	Marionette	WARN	TLS certificate errors will be ignored for this session
1620305068051	Marionette	INFO	Stopped listening on port 61703
JavaScript error: resource://gre/modules/UrlClassifierListManager.jsm, line 691: TypeError: this.tablesData[table] is undefined
JavaScript error: resource:///modules/FaviconLoader.jsm, line 596: InvalidStateError: JSWindowActorChild.sendAsyncMessage: JSWindowActorChild cannot send at the moment

###!!! [Child][RunMessage] Error: Channel closing: too late to send/recv, messages will be lost


###!!! [Child][RunMessage] Error: Channel closing: too late to send/recv, messages will be lost

1620306218192	geckodriver	INFO	Listening on 127.0.0.1:61918
1620306221238	mozrunner::runner	INFO	Running command: "C:\\Program Files\\Mozilla Firefox\\firefox.exe" "--marionette" "-foreground" "-no-remote" "-profile" "C:\\Users\\comp\\AppData\\Local\\Temp\\rust_mozprofileMig63D"
console.warn: SearchSettings: "get: No settings file exists, new profile?" (new Error("", "(unknown module)"))
console.error: Region.jsm: "Error fetching region" (new Error("TIMEOUT", "resource://gre/modules/Region.jsm", 772))
console.error: Region.jsm: "Failed to fetch region" (new Error("TIMEOUT", "resource://gre/modules/Region.jsm", 419))
1620306237628	Marionette	INFO	Listening on port 61927
1620306237775	Marionette	WARN	TLS certificate errors will be ignored for this session
1620306242168	Marionette	INFO	Stopped listening on port 61927

###!!! [Child][RunMessage] Error: Channel closing: too late to send/recv, messages will be lost

[Parent 8240, IPC I/O Parent] WARNING: pipe error: 232: file /builds/worker/checkouts/gecko/ipc/chromium/src/chrome/common/ipc_channel_win.cc:544
1620307062035	geckodriver	INFO	Listening on 127.0.0.1:62136
1620307065002	mozrunner::runner	INFO	Running command: "C:\\Program Files\\Mozilla Firefox\\firefox.exe" "--marionette" "-foreground" "-no-remote" "-profile" "C:\\Users\\comp\\AppData\\Local\\Temp\\rust_mozprofile24s5pf"
console.warn: SearchSettings: "get: No settings file exists, new profile?" (new Error("", "(unknown module)"))
console.error: Region.jsm: "Error fetching region" (new AbortError("The operation was aborted. ", (void 0), 770))
console.error: Region.jsm: "Failed to fetch region" (new Error("NO_RESULT", "resource://gre/modules/Region.jsm", 419))
1620307090192	Marionette	INFO	Listening on port 62145
1620307091126	Marionette	WARN	TLS certificate errors will be ignored for this session
1620307098384	Marionette	INFO	Stopped listening on port 62145
[Parent 7364, IPC I/O Parent] WARNING: file /builds/worker/checkouts/gecko/ipc/chromium/src/base/process_util_win.cc:167

###!!! [Child][RunMessage] Error: Channel closing: too late to send/recv, messages will be lost

1620307760340	geckodriver	INFO	Listening on 127.0.0.1:62383
1620307763219	mozrunner::runner	INFO	Running command: "C:\\Program Files\\Mozilla Firefox\\firefox.exe" "--marionette" "-foreground" "-no-remote" "-profile" "C:\\Users\\comp\\AppData\\Local\\Temp\\rust_mozprofilelksVsv"
console.warn: SearchSettings: "get: No settings file exists, new profile?" (new Error("", "(unknown module)"))
1620307773516	Marionette	INFO	Listening on port 62393
1620307773675	Marionette	WARN	TLS certificate errors will be ignored for this session
1620307776670	Marionette	INFO	Stopped listening on port 62393
console.error: services.settings: 
  main/message-groups Signature failed  TypeError: NetworkError when attempting to fetch resource.

###!!! [Child][RunMessage] Error: Channel closing: too late to send/recv, messages will be lost

1620307779122	geckodriver	INFO	Listening on 127.0.0.1:62437
1620307782063	mozrunner::runner	INFO	Running command: "C:\\Program Files\\Mozilla Firefox\\firefox.exe" "--marionette" "-foreground" "-no-remote" "-profile" "C:\\Users\\comp\\AppData\\Local\\Temp\\rust_mozprofileXk8IU0"
console.warn: SearchSettings: "get: No settings file exists, new profile?" (new Error("", "(unknown module)"))
1620307792598	Marionette	INFO	Listening on port 62445
1620307793190	Marionette	WARN	TLS certificate errors will be ignored for this session
1620307812748	Marionette	WARN	TimedPromise timed out after 500 ms: stacktrace:
TimedPromise/<@chrome://marionette/content/sync.js:231:19
TimedPromise@chrome://marionette/content/sync.js:216:10
interaction.flushEventLoop@chrome://marionette/content/interaction.js:433:10
webdriverClickElement@chrome://marionette/content/interaction.js:179:31
1620307820085	Marionette	INFO	Stopped listening on port 62445
JavaScript error: resource:///modules/FaviconLoader.jsm, line 596: InvalidStateError: JSWindowActorChild.sendAsyncMessage: JSWindowActorChild cannot send at the moment

###!!! [Child][RunMessage] Error: Channel closing: too late to send/recv, messages will be lost

1620307933848	geckodriver	INFO	Listening on 127.0.0.1:62531
1620307936881	mozrunner::runner	INFO	Running command: "C:\\Program Files\\Mozilla Firefox\\firefox.exe" "--marionette" "-foreground" "-no-remote" "-profile" "C:\\Users\\comp\\AppData\\Local\\Temp\\rust_mozprofileeyxVXU"
console.warn: SearchSettings: "get: No settings file exists, new profile?" (new Error("", "(unknown module)"))
1620307944951	Marionette	INFO	Listening on port 62540
1620307945338	Marionette	WARN	TLS certificate errors will be ignored for this session
1620307948256	Marionette	INFO	Stopped listening on port 62540
console.warn: SearchService: "_init: abandoning init due to shutting down"
JavaScript error: , line 0: uncaught exception: 2147500036
JavaScript error: , line 0: uncaught exception: 2147500036
JavaScript error: , line 0: uncaught exception: 2147500036
JavaScript error: , line 0: uncaught exception: 2147500036
JavaScript error: , line 0: uncaught exception: 2147500036
JavaScript error: , line 0: uncaught exception: 2147500036
JavaScript error: , line 0: uncaught exception: 2147500036

###!!! [Child][RunMessage] Error: Channel closing: too late to send/recv, messages will be lost

JavaScript error: resource:///modules/EveryWindow.jsm, line 37: NS_ERROR_UNEXPECTED: Component returned failure code: 0x8000ffff (NS_ERROR_UNEXPECTED) [nsIWindowMediator.getEnumerator]
JavaScript error: resource://gre/modules/CrashManager.jsm, line 833: NotAllowedError: Shutting down and refusing additional I/O tasks
1620308020357	geckodriver	INFO	Listening on 127.0.0.1:62579
1620308022642	mozrunner::runner	INFO	Running command: "C:\\Program Files\\Mozilla Firefox\\firefox.exe" "--marionette" "-foreground" "-no-remote" "-profile" "C:\\Users\\comp\\AppData\\Local\\Temp\\rust_mozprofiledFuGv2"
console.warn: SearchSettings: "get: No settings file exists, new profile?" (new Error("", "(unknown module)"))
1620308066619	Marionette	INFO	Listening on port 62588
1620308066901	Marionette	WARN	TLS certificate errors will be ignored for this session
1620308087334	Marionette	INFO	Stopped listening on port 62588
[Parent 7064, IPC I/O Parent] WARNING: file /builds/worker/checkouts/gecko/ipc/chromium/src/base/process_util_win.cc:167

###!!! [Child][RunMessage] Error: Channel closing: too late to send/recv, messages will be lost

1620308745342	geckodriver	INFO	Listening on 127.0.0.1:62755
1620308747532	mozrunner::runner	INFO	Running command: "C:\\Program Files\\Mozilla Firefox\\firefox.exe" "--marionette" "-foreground" "-no-remote" "-profile" "C:\\Users\\comp\\AppData\\Local\\Temp\\rust_mozprofile2za1hu"
console.warn: SearchSettings: "get: No settings file exists, new profile?" (new Error("", "(unknown module)"))
1620308755180	Marionette	INFO	Listening on port 62764
1620308755278	Marionette	WARN	TLS certificate errors will be ignored for this session
1620308766577	Marionette	WARN	TimedPromise timed out after 500 ms: stacktrace:
TimedPromise/<@chrome://marionette/content/sync.js:231:19
TimedPromise@chrome://marionette/content/sync.js:216:10
interaction.flushEventLoop@chrome://marionette/content/interaction.js:433:10
webdriverClickElement@chrome://marionette/content/interaction.js:179:31
send@https://admin-demo.nopcommerce.com/lib_npm/jquery/jquery.min.js:2:82613
ajax@https://admin-demo.nopcommerce.com/lib_npm/jquery/jquery.min.js:2:78223
s.ajax@https://admin-demo.nopcommerce.com/lib_npm/jquery-migrate/jquery-migrate.min.js:2:3931
init@https://admin-demo.nopcommerce.com/js/admin.navigation.js:59:11
initOnce@https://admin-demo.nopcommerce.com/js/admin.navigation.js:93:17
init@https://admin-demo.nopcommerce.com/js/admin.search.js:75:30
@https://admin-demo.nopcommerce.com/admin/:158:46
e@https://admin-demo.nopcommerce.com/lib_npm/jquery/jquery.min.js:2:30005
l/</t<@https://admin-demo.nopcommerce.com/lib_npm/jquery/jquery.min.js:2:30307
1620308916759	Marionette	INFO	Stopped listening on port 62764

###!!! [Child][RunMessage] Error: Channel closing: too late to send/recv, messages will be lost


###!!! [Child][MessageChannel] Error: (msgtype=0x5F0005,name=PImageBridge::Msg_WillClose) Channel error: cannot send/recv

1620308920154	geckodriver	INFO	Listening on 127.0.0.1:62843
1620308923089	mozrunner::runner	INFO	Running command: "C:\\Program Files\\Mozilla Firefox\\firefox.exe" "--marionette" "-foreground" "-no-remote" "-profile" "C:\\Users\\comp\\AppData\\Local\\Temp\\rust_mozprofileA5hqKW"
console.warn: SearchSettings: "get: No settings file exists, new profile?" (new Error("", "(unknown module)"))
1620308936580	Marionette	INFO	Listening on port 62853
1620308937598	Marionette	WARN	TLS certificate errors will be ignored for this session
console.log: WebExtensions: reset-default-search: No addons in our list are installed.
[GFX1-]: Killing GPU process due to IPC reply timeout

###!!! [Parent][MessageChannel] Error: (msgtype=0x540014,name=PGPU::Msg_RemoveLayerTreeIdMapping) Channel error: cannot send/recv

[GFX1-]: Receive IPC close with reason=AbnormalShutdown
[Parent 384, Main Thread] WARNING: base::KillProcess refusing to terminate process handle 0: file /builds/worker/checkouts/gecko/ipc/chromium/src/base/process_util_win.cc:402
[GFX1-]: Receive IPC close with reason=AbnormalShutdown
[Parent 384, IPC I/O Parent] WARNING: pipe error: 232: file /builds/worker/checkouts/gecko/ipc/chromium/src/chrome/common/ipc_channel_win.cc:544
JavaScript error: resource:///modules/sessionstore/SessionStore.jsm, line 2161: TypeError: subject.QueryInterface is not a function
A content JavaScript error: resource:///modules/sessionstore/SessionStore.jsm, l[GFX1-]: shader-cache: Timed out before finishing loads
[2021-05-06T14:04:14Z ERROR webrender_bindings::program_cache] shader-cache: Timed out before finishing loads
console.error: (new Error("SessionFile is closed", "resource:///modules/sessionstore/SessionFile.jsm", 433))
1620309860296	Marionette	INFO	Stopped listening on port 62853

###!!! [Child][RunMessage] Error: Channel closing: too late to send/recv, messages will be lost

tening on port 62938

[Parent 2800, IPC I/O Parent] WARNING: file /builds/worker/checkouts/gecko/ipc/chromium/src/base/process_util_win.cc:167
console.error: (new Error("SessionFile is closed", "resource:///modules/sessionstore/SessionFile.jsm", 433))
WARNING: At least one completion condition is taking too long to complete. Conditions: [{"name":"Places Connection shutdown","state":{"PlacesShutdownProgress":5},"filename":"/builds/worker/checkouts/gecko/toolkit/components/places/Database.cpp","lineNumber":467,"stack":["resource://gre/modules/nsAsyncShutdown.jsm:addBlocker:162","resource://gre/modules/XPCOMUtils.jsm:XPCU_serviceLambda:144","resource://gre/modules/XPCOMUtils.jsm:get:58","resource:///modules/BrowserGlue.jsm:BG__onFirstWindowLoaded:1881","resource:///modules/BrowserGlue.jsm:BG_observe:1012","chrome://browser/content/browser.js:_delayedStartup:2191"]}] Barrier: profile-before-change
1620309852520	Marionette	INFO	Stopped listening on port 63039

###!!! [Child][RunMessage] Error: Channel closing: too late to send/recv, messages will be lost

/Region.jsm", 419))
1620309714916	Marionette	INFO	Listening on port 63263
1620309715976	Marionette	WARN	TLS certificate errors will be ignored for this session
console.log: WebExtensions: reset-default-search: No addons in our list are installed.
console.error: (new Error("SessionFile is closed", "resource:///modules/sessionstore/SessionFile.jsm", 433))
1620323913935	Marionette	INFO	Stopped listening on port 63263
_mozprofileLK6JYJ"
console.warn: SearchSettings: "get: No settings file exists, new profile?" (new Error("", "(unknown module)"))
1620309930165	Marionette	INFO	Listening on port 63362
1620309930731	Marionette	WARN	TLS certificate errors will be ignored for this session
1620310110395	Marionette	INFO	Stopped listening on port 63362

###!!! [Child][RunMessage] Error: Channel closing: too late to send/recv, messages will be lost

"--marionette" "-foreground" "-no-remote" "-profile" "C:\\Users\\comp\\AppData\\Local\\Temp\\rust_mozprofileSY0FQR"
console.warn: SearchSettings: "get: No settings file exists, new profile?" (new Error("", "(unknown module)"))
1620310033687	Marionette	INFO	Listening on port 63440
1620310034113	Marionette	WARN	TLS certificate errors will be ignored for this session
[Parent 8112, IPC I/O Parent] WARNING: file /builds/worker/checkouts/gecko/ipc/chromium/src/base/process_util_win.cc:167
1620310111912	Marionette	INFO	Stopped listening on port 63440

###!!! [Child][RunMessage] Error: Channel closing: too late to send/recv, messages will be lost

1620642716082	geckodriver	INFO	Listening on 127.0.0.1:51726
1620642719107	mozrunner::runner	INFO	Running command: "C:\\Program Files\\Mozilla Firefox\\firefox.exe" "--marionette" "-foreground" "-no-remote" "-profile" "C:\\Users\\comp\\AppData\\Local\\Temp\\rust_mozprofile9SKNBG"
1620642756435	geckodriver	INFO	Listening on 127.0.0.1:51756
1620642759487	mozrunner::runner	INFO	Running command: "C:\\Program Files\\Mozilla Firefox\\firefox.exe" "--marionette" "-foreground" "-no-remote" "-profile" "C:\\Users\\comp\\AppData\\Local\\Temp\\rust_mozprofileoZZkLo"
1620642768462	Marionette	INFO	Marionette enabled
console.warn: SearchSettings: "get: No settings file exists, new profile?" (new Error("", "(unknown module)"))
console.error: Region.jsm: "Error fetching region" (new Error("TIMEOUT", "resource://gre/modules/Region.jsm", 772))
console.error: Region.jsm: "Failed to fetch region" (new Error("TIMEOUT", "resource://gre/modules/Region.jsm", 419))
[Parent 2016, IPC I/O Parent] WARNING: file /builds/worker/checkouts/gecko/ipc/chromium/src/base/process_util_win.cc:167
1620642804278	Marionette	INFO	Listening on port 51766
1620642805419	Marionette	WARN	TLS certificate errors will be ignored for this session
1620642817684	Marionette	INFO	Stopped listening on port 51766
